#
# A fatal error has been detected by the Java Runtime Environment:
#
#  EXCEPTION_ACCESS_VIOLATION (0xc0000005) at pc=0x00007ff8f24a2d79, pid=27732, tid=38812
#
# JRE version: OpenJDK Runtime Environment (22.0.2+9) (build 22.0.2+9-70)
# Java VM: OpenJDK 64-Bit Server VM (22.0.2+9-70, mixed mode, sharing, tiered, compressed oops, compressed class ptrs, g1 gc, windows-amd64)
# Problematic frame:
# V  [jvm.dll+0x5a00f7]
#
# No core dump will be written. Minidumps are not enabled by default on client versions of Windows
#
# If you would like to submit a bug report, please visit:
#   https://bugreport.java.com/bugreport/crash.jsp
# The crash happened outside the Java Virtual Machine in native code.
# See problematic frame for where to report the bug.
#

---------------  S U M M A R Y ------------

Command Line: -javaagent:D:\Program Files\JetBrains\IntelliJ IDEA 2024.2.3\lib\idea_rt.jar=61061:D:\Program Files\JetBrains\IntelliJ IDEA 2024.2.3\bin -Dfile.encoding=UTF-8 -Dsun.stdout.encoding=UTF-8 -Dsun.stderr.encoding=UTF-8 tech.misakait.firstfullstack.FirstFullStackApplication

Host: 13th Gen Intel(R) Core(TM) i7-13620H, 16 cores, 31G,  Windows 11 , 64 bit Build 22621 (10.0.22621.4391)
Time: Thu Nov 14 22:38:49 2024  Windows 11 , 64 bit Build 22621 (10.0.22621.4391) elapsed time: 155.898037 seconds (0d 0h 2m 35s)

---------------  T H R E A D  ---------------

Current thread (0x000001bc6493e990):  JavaThread "Signal Dispatcher" daemon [_thread_in_native, id=38812, stack(0x0000001d9b500000,0x0000001d9b600000) (1024K)]

Stack: [0x0000001d9b500000,0x0000001d9b600000],  sp=0x0000001d9b5feb10,  free space=1018k
Native frames: (J=compiled Java code, j=interpreted, Vv=VM code, C=native code)
C  0x00007ff8f24a2d79  (no source info available)

Java frames: (J=compiled Java code, j=interpreted, Vv=VM code)
j  jdk.internal.misc.Signal.dispatch(I)V+25 java.base@22.0.2
v  ~StubRoutines::call_stub 0x000001bc51d8100d

siginfo: EXCEPTION_ACCESS_VIOLATION (0xc0000005), data execution prevention violation at address 0x00007ff8f24a2d79


Registers:
RAX=0x00007ff8f24a2d79, RBX=0x000001bcaf48f888, RCX=0x000001bcb00f7350, RDX=0x000001bc6493ed50
RSP=0x0000001d9b5feb08, RBP=0x0000000000000000, RSI=0x000001bcafc3e1c0, RDI=0x000001bc6493e990
R8 =0x000001bcaf48f880, R9 =0x000001bcaf48f888, R10=0x00007ff98b220000, R11=0x00007ff98b221b94
R12=0x000001bc6493ef70, R13=0x000001bcaf48f880, R14=0x000001bc694f40c8, R15=0x000001bc425a1700
RIP=0x00007ff8f24a2d79, EFLAGS=0x0000000000010202


Register to memory mapping:

RAX=0x00007ff8f24a2d79 is an unknown value
RBX=0x000001bcaf48f888 points into unknown readable memory: 0x0000000606c60338 | 38 03 c6 06 06 00 00 00
RCX=0x000001bcb00f7350 points into unknown readable memory: 0x00007ff8c20076b0 | b0 76 00 c2 f8 7f 00 00
RDX=0x000001bc6493ed50 points into unknown readable memory: 0x00007ff8c1ffeac0 | c0 ea ff c1 f8 7f 00 00
RSP=0x0000001d9b5feb08 is pointing into the stack for thread: 0x000001bc6493e990
RBP=0x0 is null
RSI=0x000001bcafc3e1c0 points into unknown readable memory: 0x000001bc67996cb0 | b0 6c 99 67 bc 01 00 00
RDI=0x000001bc6493e990 is a thread
R8 =0x000001bcaf48f880 points into unknown readable memory: 0x0000000604981770 | 70 17 98 04 06 00 00 00
R9 =0x000001bcaf48f888 points into unknown readable memory: 0x0000000606c60338 | 38 03 c6 06 06 00 00 00
R10=0x00007ff98b220000 VCRUNTIME140.dll
R11=0x00007ff98b221b94 VCRUNTIME140.dll
R12=0x000001bc6493ef70 points into unknown readable memory: 0x000001bc67996cb0 | b0 6c 99 67 bc 01 00 00
R13=0x000001bcaf48f880 points into unknown readable memory: 0x0000000604981770 | 70 17 98 04 06 00 00 00
R14=0x000001bc694f40c8 is a pointer to class: 
jdk.internal.misc.Signal$1 {0x000001bc694f40d0}
 - instance size:     3
 - klass size:        69
 - access:            synchronized 
 - flags:             has_nonstatic_fields has_localvariable_table 
 - state:             loaded
 - name:              'jdk/internal/misc/Signal$1'
 - super:             'java/lang/Object'
 - sub:               
 - arrays:            null
 - methods:           Array<T>(0x000001bcab1ec2e0)
 - method ordering:   Array<T>(0x000001bc68afaad0)
 - default_methods:   Array<T>(0x0000000000000000)
 - local interfaces:  Array<T>(0x000001bcab1ec2d0)
 - trans. interfaces: Array<T>(0x000001bcab1ec2d0)
 - constants:         constant pool [44] {0x000001bcab1ec100} for 'jdk/internal/misc/Signal$1'
 - class loader data:  loader data: 0x000001bc64859f80 of 'bootstrap'
 - source file:       'Signal.java'
 - class annotations:       Array<T>(0x0000000000000000)
 - class type annotations:  Array<T>(0x0000000000000000)
 - field annotations:       Array<T>(0x0000000000000000)
 - field type annotations:  Array<T>(0x0000000000000000)
 - inner classes:     Array<T>(0x000001bcab1ec468)
 - nest members:     Array<T>(0x000001bc685d5e48)
 - permitted subclasses:     Array<T>(0x000001bc685d5e48)
 - java mirror:       a 'java/lang/Class'{0x0000000606c60338} = 'jdk/internal/misc/Signal$1'
 - vtable length      6  (start addr: 0x000001bc694f4290)
 - itable length      5 (start addr: 0x000001bc694f42c0)
 - ---- static fields (0 words):
 - ---- non-static fields (2 words):
 - final synthetic 'val$handler' 'Ljdk/internal/misc/Signal$Handler;' @12 
 - final synthetic 'val$sig' 'Ljdk/internal/misc/Signal;' @16 
 - non-static oop maps: 12-16 
R15=0x000001bc425a1700 points into unknown readable memory: 0x8000001500000001 | 01 00 00 00 15 00 00 80

Top of Stack: (sp=0x0000001d9b5feb08)
0x0000001d9b5feb08:   00007ff8c19c00f7 000001bcaf48f888
0x0000001d9b5feb18:   0000000000000000 000001bcafc3e1c0
0x0000001d9b5feb28:   00007ff8c16b5c22 0000de6554fb0000
0x0000001d9b5feb38:   000001bcb00f7350 000001bc64859f80
0x0000001d9b5feb48:   000001bcb2035a80 0000001d9b5febe0
0x0000001d9b5feb58:   00007ff8c16b24d0 ffffffffffffffff
0x0000001d9b5feb68:   000001bc694f40c8 000001bc64939980
0x0000001d9b5feb78:   000001bc6493f000 000001bc6493f010
0x0000001d9b5feb88:   000001bc6493f3e8 00000000000003d8
0x0000001d9b5feb98:   000001bc6493e990 000001bc6493e990
0x0000001d9b5feba8:   000001bc6493a540 000001bc649243b0
0x0000001d9b5febb8:   000001bc649243c0 000001bc64924498
0x0000001d9b5febc8:   00000000000000d8 0000001d9b5febe0
0x0000001d9b5febd8:   00007ff8c16ac758 000001bc6493e990
0x0000001d9b5febe8:   000001bc6493a540 000001bc649243b0
0x0000001d9b5febf8:   000001bc649243c0 000001bc64924498
0x0000001d9b5fec08:   00000000000000d8 0000001d9b5fefe0
0x0000001d9b5fec18:   000001bc684bc900 000001bc694f40c8
0x0000001d9b5fec28:   000001bc64859f80 000001bc684bc900
0x0000001d9b5fec38:   000001bc694f40c8 0000001d9b5fed19
0x0000001d9b5fec48:   000001bc64859f80 000001bc6493e990
0x0000001d9b5fec58:   00007ff8c1c09062 0000000000000000
0x0000001d9b5fec68:   000001bc694f40c8 000001bc425a1700
0x0000001d9b5fec78:   000001bc425a16b0 0000000000000018
0x0000001d9b5fec88:   0000000000000000 0000000000000000
0x0000001d9b5fec98:   0000000000000000 0000000000000009
0x0000001d9b5feca8:   00007ff8c14de836 0000000000000000
0x0000001d9b5fecb8:   0000000000000018 000001bc694f40c8
0x0000001d9b5fecc8:   00007ff8c1a097f0 0000001d9b5fed00
0x0000001d9b5fecd8:   0000000000000018 0000de6554fbd21b
0x0000001d9b5fece8:   00007ff8c1bff43c 0000000000000000
0x0000001d9b5fecf8:   00007ff8c1b2d6e6 0000000000000000 

Instructions: (pc=0x00007ff8c19c00f7)
0x00007ff8c19bfff7:   00 4d 8b c6 e8 00 79 fe ff 48 8b 4c 24 20 48 83
0x00007ff8c19c0007:   7d 00 00 74 13 48 8b d1 48 8b cb e8 79 41 b2 ff
0x00007ff8c19c0017:   48 8b cd e8 51 41 b2 ff 4c 39 7b 18 74 0c 48 89
0x00007ff8c19c0027:   6b 10 4c 89 7b 18 4c 89 6b 20 49 8b 04 24 33 ed
0x00007ff8c19c0037:   48 85 c0 74 03 8b 68 2c 48 8b cf e8 09 53 e5 ff
0x00007ff8c19c0047:   48 8d 8f a0 03 00 00 e8 9d 89 d7 ff 48 8b cf e8
0x00007ff8c19c0057:   55 5f e5 ff 45 33 c0 48 8b d0 48 8b cf e8 27 80
0x00007ff8c19c0067:   ed ff 48 8b 8c 24 58 01 00 00 4c 8b e8 48 85 c9
0x00007ff8c19c0077:   75 04 33 db eb 24 48 8b 49 70 48 85 c9 75 04 33
0x00007ff8c19c0087:   c0 eb 06 ff 15 90 2f 63 00 45 33 c0 48 8b d0 48
0x00007ff8c19c0097:   8b cf e8 f2 7f ed ff 48 8b d8 48 8d 4c 24 60 e8
0x00007ff8c19c00a7:   05 fc b1 ff 48 8d 8f a0 03 00 00 48 89 bc 24 88
0x00007ff8c19c00b7:   00 00 00 e8 31 89 d7 ff 90 48 8d 8c 24 90 00 00
0x00007ff8c19c00c7:   00 48 8b d7 c7 87 54 04 00 00 04 00 00 00 e8 c6
0x00007ff8c19c00d7:   3f e0 ff 48 8b 4c 24 28 48 8b 41 50 48 85 c0 74
0x00007ff8c19c00e7:   0f 4c 8b cb 48 8d 97 c0 03 00 00 4d 8b c5 ff d0
0x00007ff8c19c00f7:   48 8d 4c 24 60 e8 bf db ff ff 48 8b cf e8 77 43
0x00007ff8c19c0107:   e5 ff 49 8b 04 24 4c 8b b4 24 58 01 00 00 4c 8b
0x00007ff8c19c0117:   bc 24 60 01 00 00 48 8b 9c 24 68 01 00 00 48 85
0x00007ff8c19c0127:   c0 74 03 89 68 2c 48 8b 76 10 48 85 f6 0f 85 e6
0x00007ff8c19c0137:   fd ff ff 4c 8b ac 24 18 01 00 00 41 80 3f 00 4c
0x00007ff8c19c0147:   8b bc 24 10 01 00 00 48 8b b4 24 28 01 00 00 75
0x00007ff8c19c0157:   05 e8 cb 58 37 00 48 8b 0b 48 8b 9c 24 50 01 00
0x00007ff8c19c0167:   00 8b 81 4c 03 00 00 ff c8 89 81 4c 03 00 00 48
0x00007ff8c19c0177:   8d 8c 24 d0 00 00 00 e8 bd 3d e0 ff 4c 8b a4 24
0x00007ff8c19c0187:   20 01 00 00 48 8b ac 24 30 01 00 00 48 81 c4 38
0x00007ff8c19c0197:   01 00 00 41 5e 5f c3 cc cc 48 8b c4 48 89 50 10
0x00007ff8c19c01a7:   57 41 56 48 81 ec 38 01 00 00 83 3d 18 8f 64 00
0x00007ff8c19c01b7:   02 4c 8b f2 48 8b f9 0f 8c bf 03 00 00 48 8b d1
0x00007ff8c19c01c7:   48 89 68 e8 48 8d 48 88 4c 89 60 d8 e8 c8 3e e0
0x00007ff8c19c01d7:   ff 48 8b 87 40 05 00 00 48 85 c0 74 13 83 78 20
0x00007ff8c19c01e7:   00 0f 85 6b 01 00 00 48 8b 40 08 48 85 c0 75 ed 


Stack slot to memory mapping:

stack at sp + 0 slots: 0x000001bcaf48f888 points into unknown readable memory: 0x0000000606c60338 | 38 03 c6 06 06 00 00 00
stack at sp + 1 slots: 0x0 is null
stack at sp + 2 slots: 0x000001bcafc3e1c0 points into unknown readable memory: 0x000001bc67996cb0 | b0 6c 99 67 bc 01 00 00
stack at sp + 3 slots: 0x00007ff8c16b5c22 jvm.dll
stack at sp + 4 slots: 0x0000de6554fb0000 is an unknown value
stack at sp + 5 slots: 0x000001bcb00f7350 points into unknown readable memory: 0x00007ff8c20076b0 | b0 76 00 c2 f8 7f 00 00
stack at sp + 6 slots: 0x000001bc64859f80 points into unknown readable memory: 0x0000000000000000 | 00 00 00 00 00 00 00 00
stack at sp + 7 slots: 0x000001bcb2035a80 points into unknown readable memory: 0x000001bc694f40c8 | c8 40 4f 69 bc 01 00 00


---------------  P R O C E S S  ---------------

Threads class SMR info:
_java_thread_list=0x000001bcaf712240, length=34, elements={
0x000001bc6493cb50, 0x000001bc6493da70, 0x000001bc6493e990, 0x000001bc64942940,
0x000001bc649453b0, 0x000001bc64945f40, 0x000001bc64952890, 0x000001bc677e9fa0,
0x000001bc678e8780, 0x000001bcad18d540, 0x000001bcad18dbb0, 0x000001bcae242e50,
0x000001bcad659f20, 0x000001bcae193df0, 0x000001bcadb45170, 0x000001bcadf5bd50,
0x000001bcadf58f60, 0x000001bcb235a630, 0x000001bcb23608a0, 0x000001bcb235d420,
0x000001bcb235fb80, 0x000001bcb2359fa0, 0x000001bcb235b9e0, 0x000001bcb2360f30,
0x000001bcb235c070, 0x000001bcb235b350, 0x000001bcb235c700, 0x000001bcb2360210,
0x000001bcb235cd90, 0x000001bcb23615c0, 0x000001bcb235dab0, 0x000001bcb235e140,
0x000001bcb235e7d0, 0x000001bcb03b3910
}

Java Threads: ( => current thread )
  0x000001bc6493cb50 JavaThread "Reference Handler"          daemon [_thread_blocked, id=10224, stack(0x0000001d9b300000,0x0000001d9b400000) (1024K)]
  0x000001bc6493da70 JavaThread "Finalizer"                  daemon [_thread_blocked, id=40836, stack(0x0000001d9b400000,0x0000001d9b500000) (1024K)]
=>0x000001bc6493e990 JavaThread "Signal Dispatcher"          daemon [_thread_in_native, id=38812, stack(0x0000001d9b500000,0x0000001d9b600000) (1024K)]
  0x000001bc64942940 JavaThread "Attach Listener"            daemon [_thread_blocked, id=44972, stack(0x0000001d9b600000,0x0000001d9b700000) (1024K)]
  0x000001bc649453b0 JavaThread "Service Thread"             daemon [_thread_blocked, id=42504, stack(0x0000001d9b700000,0x0000001d9b800000) (1024K)]
  0x000001bc64945f40 JavaThread "Monitor Deflation Thread"   daemon [_thread_blocked, id=17420, stack(0x0000001d9b800000,0x0000001d9b900000) (1024K)]
  0x000001bc64952890 JavaThread "C2 CompilerThread0"         daemon [_thread_blocked, id=39436, stack(0x0000001d9b900000,0x0000001d9ba00000) (1024K)]
  0x000001bc677e9fa0 JavaThread "C1 CompilerThread0"         daemon [_thread_blocked, id=30532, stack(0x0000001d9ba00000,0x0000001d9bb00000) (1024K)]
  0x000001bc678e8780 JavaThread "Common-Cleaner"             daemon [_thread_blocked, id=2652, stack(0x0000001d9bb00000,0x0000001d9bc00000) (1024K)]
  0x000001bcad18d540 JavaThread "Monitor Ctrl-Break"         daemon [_thread_in_native, id=33592, stack(0x0000001d9c100000,0x0000001d9c200000) (1024K)]
  0x000001bcad18dbb0 JavaThread "Notification Thread"        daemon [_thread_blocked, id=23856, stack(0x0000001d9c200000,0x0000001d9c300000) (1024K)]
  0x000001bcae242e50 JavaThread "RMI TCP Accept-0"           daemon [_thread_in_native, id=45408, stack(0x0000001d9c600000,0x0000001d9c700000) (1024K)]
  0x000001bcad659f20 JavaThread "RMI TCP Connection(1)-198.18.0.1" daemon [_thread_in_native, id=42348, stack(0x0000001d9c700000,0x0000001d9c800000) (1024K)]
  0x000001bcae193df0 JavaThread "RMI Scheduler(0)"           daemon [_thread_blocked, id=14308, stack(0x0000001d9c800000,0x0000001d9c900000) (1024K)]
  0x000001bcadb45170 JavaThread "JMX server connection timeout 34" daemon [_thread_blocked, id=45936, stack(0x0000001d9c900000,0x0000001d9ca00000) (1024K)]
  0x000001bcadf5bd50 JavaThread "Catalina-utility-1"                [_thread_blocked, id=46212, stack(0x0000001d9d800000,0x0000001d9d900000) (1024K)]
  0x000001bcadf58f60 JavaThread "Catalina-utility-2"                [_thread_blocked, id=2756, stack(0x0000001d9d900000,0x0000001d9da00000) (1024K)]
  0x000001bcb235a630 JavaThread "container-0"                       [_thread_blocked, id=31100, stack(0x0000001d9da00000,0x0000001d9db00000) (1024K)]
  0x000001bcb23608a0 JavaThread "mysql-cj-abandoned-connection-cleanup" daemon [_thread_blocked, id=8508, stack(0x0000001d9db00000,0x0000001d9dc00000) (1024K)]
  0x000001bcb235d420 JavaThread "http-nio-8080-exec-1"       daemon [_thread_blocked, id=28732, stack(0x0000001d9dc00000,0x0000001d9dd00000) (1024K)]
  0x000001bcb235fb80 JavaThread "http-nio-8080-exec-2"       daemon [_thread_blocked, id=46956, stack(0x0000001d9dd00000,0x0000001d9de00000) (1024K)]
  0x000001bcb2359fa0 JavaThread "http-nio-8080-exec-3"       daemon [_thread_blocked, id=13948, stack(0x0000001d9de00000,0x0000001d9df00000) (1024K)]
  0x000001bcb235b9e0 JavaThread "http-nio-8080-exec-4"       daemon [_thread_blocked, id=32652, stack(0x0000001d9df00000,0x0000001d9e000000) (1024K)]
  0x000001bcb2360f30 JavaThread "http-nio-8080-exec-5"       daemon [_thread_blocked, id=46100, stack(0x0000001d9e000000,0x0000001d9e100000) (1024K)]
  0x000001bcb235c070 JavaThread "http-nio-8080-exec-6"       daemon [_thread_blocked, id=14028, stack(0x0000001d9e100000,0x0000001d9e200000) (1024K)]
  0x000001bcb235b350 JavaThread "http-nio-8080-exec-7"       daemon [_thread_blocked, id=36536, stack(0x0000001d9e200000,0x0000001d9e300000) (1024K)]
  0x000001bcb235c700 JavaThread "http-nio-8080-exec-8"       daemon [_thread_blocked, id=46836, stack(0x0000001d9e300000,0x0000001d9e400000) (1024K)]
  0x000001bcb2360210 JavaThread "http-nio-8080-exec-9"       daemon [_thread_blocked, id=39112, stack(0x0000001d9e400000,0x0000001d9e500000) (1024K)]
  0x000001bcb235cd90 JavaThread "http-nio-8080-exec-10"      daemon [_thread_blocked, id=32204, stack(0x0000001d9e500000,0x0000001d9e600000) (1024K)]
  0x000001bcb23615c0 JavaThread "http-nio-8080-Poller"       daemon [_thread_in_native, id=21392, stack(0x0000001d9e600000,0x0000001d9e700000) (1024K)]
  0x000001bcb235dab0 JavaThread "http-nio-8080-Acceptor"     daemon [_thread_in_native, id=46204, stack(0x0000001d9e700000,0x0000001d9e800000) (1024K)]
  0x000001bcb235e140 JavaThread "DestroyJavaVM"                     [_thread_blocked, id=30064, stack(0x0000001d9ab00000,0x0000001d9ac00000) (1024K)]
  0x000001bcb235e7d0 JavaThread "HikariPool-1 housekeeper"   daemon [_thread_blocked, id=41876, stack(0x0000001d9be00000,0x0000001d9bf00000) (1024K)]
  0x000001bcb03b3910 JavaThread "C2 CompilerThread1"         daemon [_thread_blocked, id=30620, stack(0x0000001d9a700000,0x0000001d9a800000) (1024K)]
Total: 34

Other Threads:
  0x000001bc6491c9d0 VMThread "VM Thread"                           [id=45448, stack(0x0000001d9b200000,0x0000001d9b300000) (1024K)]
  0x000001bc677e0fa0 WatcherThread "VM Periodic Task Thread"        [id=40900, stack(0x0000001d9b100000,0x0000001d9b200000) (1024K)]
  0x000001bc647bf790 WorkerThread "GC Thread#0"                     [id=32888, stack(0x0000001d9ac00000,0x0000001d9ad00000) (1024K)]
  0x000001bcad67f020 WorkerThread "GC Thread#1"                     [id=38608, stack(0x0000001d9ca00000,0x0000001d9cb00000) (1024K)]
  0x000001bcad67f7e0 WorkerThread "GC Thread#2"                     [id=29900, stack(0x0000001d9cb00000,0x0000001d9cc00000) (1024K)]
  0x000001bcad67fb90 WorkerThread "GC Thread#3"                     [id=5776, stack(0x0000001d9cc00000,0x0000001d9cd00000) (1024K)]
  0x000001bcad680350 WorkerThread "GC Thread#4"                     [id=40248, stack(0x0000001d9cd00000,0x0000001d9ce00000) (1024K)]
  0x000001bcad680700 WorkerThread "GC Thread#5"                     [id=35376, stack(0x0000001d9ce00000,0x0000001d9cf00000) (1024K)]
  0x000001bcad96bb50 WorkerThread "GC Thread#6"                     [id=26520, stack(0x0000001d9cf00000,0x0000001d9d000000) (1024K)]
  0x000001bcad96bf00 WorkerThread "GC Thread#7"                     [id=32684, stack(0x0000001d9d000000,0x0000001d9d100000) (1024K)]
  0x000001bcad683b60 WorkerThread "GC Thread#8"                     [id=43140, stack(0x0000001d9d100000,0x0000001d9d200000) (1024K)]
  0x000001bcad60ba10 WorkerThread "GC Thread#9"                     [id=45480, stack(0x0000001d9d200000,0x0000001d9d300000) (1024K)]
  0x000001bcad60c240 WorkerThread "GC Thread#10"                    [id=44328, stack(0x0000001d9d300000,0x0000001d9d400000) (1024K)]
  0x000001bcad60c5f0 WorkerThread "GC Thread#11"                    [id=37080, stack(0x0000001d9d400000,0x0000001d9d500000) (1024K)]
  0x000001bcaed30df0 WorkerThread "GC Thread#12"                    [id=41996, stack(0x0000001d9d600000,0x0000001d9d700000) (1024K)]
  0x000001bc4259f780 ConcurrentGCThread "G1 Main Marker"            [id=19412, stack(0x0000001d9ad00000,0x0000001d9ae00000) (1024K)]
  0x000001bc425a0290 WorkerThread "G1 Conc#0"                       [id=39612, stack(0x0000001d9ae00000,0x0000001d9af00000) (1024K)]
  0x000001bcaed2f7d0 WorkerThread "G1 Conc#1"                       [id=34556, stack(0x0000001d9d500000,0x0000001d9d600000) (1024K)]
  0x000001bcaed302e0 WorkerThread "G1 Conc#2"                       [id=36688, stack(0x0000001d9d700000,0x0000001d9d800000) (1024K)]
  0x000001bc6485f3b0 ConcurrentGCThread "G1 Refine#0"               [id=42984, stack(0x0000001d9af00000,0x0000001d9b000000) (1024K)]
  0x000001bc6485ff30 ConcurrentGCThread "G1 Service"                [id=43996, stack(0x0000001d9b000000,0x0000001d9b100000) (1024K)]
Total: 21

Threads with active compile tasks:
Total: 0

VM state: not at safepoint (normal execution)

VM Mutex/Monitor currently owned by a thread: None

Heap address: 0x0000000604800000, size: 8120 MB, Compressed Oops mode: Zero based, Oop shift amount: 3

CDS archive(s) mapped at: [0x000001bc68000000-0x000001bc68c60000-0x000001bc68c60000), size 12976128, SharedBaseAddress: 0x000001bc68000000, ArchiveRelocationMode: 1.
Compressed class space mapped at: 0x000001bc69000000-0x000001bca9000000, reserved size: 1073741824
Narrow klass base: 0x000001bc68000000, Narrow klass shift: 0, Narrow klass range: 0x41000000

GC Precious Log:
 CardTable entry size: 512
 Card Set container configuration: InlinePtr #cards 4 size 8 Array Of Cards #cards 32 size 80 Howl #buckets 8 coarsen threshold 7372 Howl Bitmap #cards 1024 size 144 coarsen threshold 921 Card regions per heap region 1 cards per card region 8192
 CPUs: 16 total, 16 available
 Memory: 32471M
 Large Page Support: Disabled
 NUMA Support: Disabled
 Compressed Oops: Enabled (Zero based)
 Heap Region Size: 4M
 Heap Min Capacity: 8M
 Heap Initial Capacity: 508M
 Heap Max Capacity: 8120M
 Pre-touch: Disabled
 Parallel Workers: 13
 Concurrent Workers: 3
 Concurrent Refinement Workers: 13
 Periodic GC: Disabled

Heap:
 garbage-first heap   total reserved 8314880K, committed 57344K, used 36212K [0x0000000604800000, 0x0000000800000000)
  region size 4096K, 6 young (24576K), 1 survivors (4096K)
 Metaspace       used 44936K, committed 45568K, reserved 1114112K
  class space    used 5595K, committed 5888K, reserved 1048576K

Heap Regions: E=young(eden), S=young(survivor), O=old, HS=humongous(starts), HC=humongous(continues), CS=collection set, F=free, TAMS=top-at-mark-start, PB=parsable bottom
|   0|0x0000000604800000, 0x0000000604c00000, 0x0000000604c00000|100%| O|  |TAMS 0x0000000604800000| PB 0x0000000604800000| Untracked |  0
|   1|0x0000000604c00000, 0x0000000605000000, 0x0000000605000000|100%| O|  |TAMS 0x0000000604c00000| PB 0x0000000604c00000| Untracked |  0
|   2|0x0000000605000000, 0x0000000605400000, 0x0000000605400000|100%| O|  |TAMS 0x0000000605000000| PB 0x0000000605000000| Untracked |  0
|   3|0x0000000605400000, 0x0000000605800000, 0x0000000605800000|100%| O|  |TAMS 0x0000000605400000| PB 0x0000000605400000| Untracked |  0
|   4|0x0000000605800000, 0x000000060587aa00, 0x0000000605c00000| 11%| O|  |TAMS 0x0000000605800000| PB 0x0000000605800000| Untracked |  0
|   5|0x0000000605c00000, 0x0000000605c00000, 0x0000000606000000|  0%| F|  |TAMS 0x0000000605c00000| PB 0x0000000605c00000| Untracked |  0
|   6|0x0000000606000000, 0x00000006062e2990, 0x0000000606400000| 72%| S|CS|TAMS 0x0000000606000000| PB 0x0000000606000000| Complete |  0
|   7|0x0000000606400000, 0x0000000606400000, 0x0000000606800000|  0%| F|  |TAMS 0x0000000606400000| PB 0x0000000606400000| Untracked |  0
|   8|0x0000000606800000, 0x0000000606800000, 0x0000000606c00000|  0%| F|  |TAMS 0x0000000606800000| PB 0x0000000606800000| Untracked |  0
|   9|0x0000000606c00000, 0x0000000606cdb1b8, 0x0000000607000000| 21%| E|  |TAMS 0x0000000606c00000| PB 0x0000000606c00000| Complete |  0
|  10|0x0000000607000000, 0x0000000607400000, 0x0000000607400000|100%| E|CS|TAMS 0x0000000607000000| PB 0x0000000607000000| Complete |  0
| 117|0x0000000621c00000, 0x0000000622000000, 0x0000000622000000|100%| E|CS|TAMS 0x0000000621c00000| PB 0x0000000621c00000| Complete |  1
| 118|0x0000000622000000, 0x0000000622400000, 0x0000000622400000|100%| E|CS|TAMS 0x0000000622000000| PB 0x0000000622000000| Complete |  0
| 126|0x0000000624000000, 0x0000000624400000, 0x0000000624400000|100%| E|CS|TAMS 0x0000000624000000| PB 0x0000000624000000| Complete |  0

Card table byte_map: [0x000001bc5b8c0000,0x000001bc5c8a0000] _byte_map_base: 0x000001bc5889c000

Marking Bits: (CMBitMap*) 0x000001bc647bfea0
 Bits: [0x000001bc5c8a0000, 0x000001bc64780000)

Polling page: 0x000001bc40c20000

Metaspace:

Usage:
  Non-class:     38.42 MB used.
      Class:      5.46 MB used.
       Both:     43.88 MB used.

Virtual space:
  Non-class space:       64.00 MB reserved,      38.75 MB ( 61%) committed,  1 nodes.
      Class space:        1.00 GB reserved,       5.75 MB ( <1%) committed,  1 nodes.
             Both:        1.06 GB reserved,      44.50 MB (  4%) committed. 

Chunk freelists:
   Non-Class:  9.20 MB
       Class:  10.26 MB
        Both:  19.46 MB

MaxMetaspaceSize: unlimited
CompressedClassSpaceSize: 1.00 GB
Initial GC threshold: 21.00 MB
Current GC threshold: 58.88 MB
CDS: on
 - commit_granule_bytes: 65536.
 - commit_granule_words: 8192.
 - virtual_space_node_default_size: 8388608.
 - enlarge_chunks_in_place: 1.
 - use_allocation_guard: 0.


Internal statistics:

num_allocs_failed_limit: 6.
num_arena_births: 908.
num_arena_deaths: 0.
num_vsnodes_births: 2.
num_vsnodes_deaths: 0.
num_space_committed: 712.
num_space_uncommitted: 0.
num_chunks_returned_to_freelist: 6.
num_chunks_taken_from_freelist: 2335.
num_chunk_merges: 6.
num_chunk_splits: 1593.
num_chunks_enlarged: 1155.
num_inconsistent_stats: 0.

CodeHeap 'non-profiled nmethods': size=119168Kb used=3665Kb max_used=3665Kb free=115502Kb
 bounds [0x000001bc524d0000, 0x000001bc52870000, 0x000001bc59930000]
CodeHeap 'profiled nmethods': size=119104Kb used=11356Kb max_used=11356Kb free=107747Kb
 bounds [0x000001bc4a930000, 0x000001bc4b450000, 0x000001bc51d80000]
CodeHeap 'non-nmethods': size=7488Kb used=1610Kb max_used=3288Kb free=5877Kb
 bounds [0x000001bc51d80000, 0x000001bc520c0000, 0x000001bc524d0000]
 total_blobs=6165 nmethods=5503 adapters=565
 compilation: enabled
              stopped_count=0, restarted_count=0
 full_count=0

Compilation events (20 events):
Event: 150.488 Thread 0x000001bc677e9fa0 nmethod 5904 0x000001bc4b442490 code [0x000001bc4b442860, 0x000001bc4b443e18]
Event: 150.488 Thread 0x000001bc677e9fa0 5905       3       jdk.jfr.internal.jfc.JFCParserHandler::endElement (187 bytes)
Event: 150.490 Thread 0x000001bc677e9fa0 nmethod 5905 0x000001bc4b445090 code [0x000001bc4b4453a0, 0x000001bc4b4462f0]
Event: 150.490 Thread 0x000001bc677e9fa0 5902       3       jdk.internal.util.xml.impl.Attrs::getValue (25 bytes)
Event: 150.490 Thread 0x000001bc677e9fa0 nmethod 5902 0x000001bc4b446e10 code [0x000001bc4b446fc0, 0x000001bc4b4471c0]
Event: 150.494 Thread 0x000001bcb03b3910 nmethod 5906 0x000001bc52855910 code [0x000001bc52855aa0, 0x000001bc52855d18]
Event: 150.494 Thread 0x000001bcb03b3910 5901       4       jdk.internal.util.xml.impl.Parser::wsskip (66 bytes)
Event: 150.496 Thread 0x000001bcb03b3910 nmethod 5901 0x000001bc52856090 code [0x000001bc52856220, 0x000001bc528563a0]
Event: 150.497 Thread 0x000001bcb03b3910 5895       4       jdk.internal.util.xml.impl.Parser::bappend (26 bytes)
Event: 150.499 Thread 0x000001bcb03b3240 nmethod 5900 0x000001bc52856610 code [0x000001bc52856820, 0x000001bc52856fe0]
Event: 150.499 Thread 0x000001bcb03b3240 5896       4       jdk.internal.util.xml.impl.Parser::bkch (24 bytes)
Event: 150.499 Thread 0x000001bcb03b3910 nmethod 5895 0x000001bc52857b90 code [0x000001bc52857d40, 0x000001bc52857fe8]
Event: 150.499 Thread 0x000001bcb03b3910 5897       4       jdk.internal.util.xml.impl.Parser::getch (118 bytes)
Event: 150.499 Thread 0x000001bcb03b3240 nmethod 5896 0x000001bc52858390 code [0x000001bc52858500, 0x000001bc528585b0]
Event: 150.501 Thread 0x000001bcb03b3910 nmethod 5897 0x000001bc52858690 code [0x000001bc52858860, 0x000001bc52858b20]
Event: 150.595 Thread 0x000001bc64952890 nmethod 5894 0x000001bc52859010 code [0x000001bc52859500, 0x000001bc5285c858]
Event: 150.977 Thread 0x000001bcb03b3240 5907       4       java.lang.reflect.Method::isCallerSensitive (38 bytes)
Event: 150.983 Thread 0x000001bcb03b3240 nmethod 5907 0x000001bc52861210 code [0x000001bc52861440, 0x000001bc52861bf0]
Event: 154.113 Thread 0x000001bc64952890 5908       4       java.io.BufferedInputStream::implRead (112 bytes)
Event: 154.120 Thread 0x000001bc64952890 nmethod 5908 0x000001bc52862990 code [0x000001bc52862be0, 0x000001bc52863958]

GC Heap History (16 events):
Event: 0.341 GC heap before
{Heap before GC invocations=0 (full 0):
 garbage-first heap   total reserved 8314880K, committed 520192K, used 24576K [0x0000000604800000, 0x0000000800000000)
  region size 4096K, 6 young (24576K), 0 survivors (0K)
 Metaspace       used 8763K, committed 9088K, reserved 1114112K
  class space    used 983K, committed 1152K, reserved 1048576K
}
Event: 0.344 GC heap after
{Heap after GC invocations=1 (full 0):
 garbage-first heap   total reserved 8314880K, committed 520192K, used 5483K [0x0000000604800000, 0x0000000800000000)
  region size 4096K, 1 young (4096K), 1 survivors (4096K)
 Metaspace       used 8763K, committed 9088K, reserved 1114112K
  class space    used 983K, committed 1152K, reserved 1048576K
}
Event: 0.630 GC heap before
{Heap before GC invocations=1 (full 0):
 garbage-first heap   total reserved 8314880K, committed 520192K, used 30059K [0x0000000604800000, 0x0000000800000000)
  region size 4096K, 7 young (28672K), 1 survivors (4096K)
 Metaspace       used 15011K, committed 15360K, reserved 1114112K
  class space    used 1760K, committed 1920K, reserved 1048576K
}
Event: 0.633 GC heap after
{Heap after GC invocations=2 (full 0):
 garbage-first heap   total reserved 8314880K, committed 520192K, used 8304K [0x0000000604800000, 0x0000000800000000)
  region size 4096K, 1 young (4096K), 1 survivors (4096K)
 Metaspace       used 15011K, committed 15360K, reserved 1114112K
  class space    used 1760K, committed 1920K, reserved 1048576K
}
Event: 0.886 GC heap before
{Heap before GC invocations=2 (full 0):
 garbage-first heap   total reserved 8314880K, committed 520192K, used 32880K [0x0000000604800000, 0x0000000800000000)
  region size 4096K, 8 young (32768K), 1 survivors (4096K)
 Metaspace       used 21170K, committed 21504K, reserved 1114112K
  class space    used 2587K, committed 2752K, reserved 1048576K
}
Event: 0.891 GC heap after
{Heap after GC invocations=3 (full 0):
 garbage-first heap   total reserved 8314880K, committed 520192K, used 10478K [0x0000000604800000, 0x0000000800000000)
  region size 4096K, 2 young (8192K), 2 survivors (8192K)
 Metaspace       used 21170K, committed 21504K, reserved 1114112K
  class space    used 2587K, committed 2752K, reserved 1048576K
}
Event: 1.204 GC heap before
{Heap before GC invocations=4 (full 0):
 garbage-first heap   total reserved 8314880K, committed 57344K, used 35054K [0x0000000604800000, 0x0000000800000000)
  region size 4096K, 8 young (32768K), 2 survivors (8192K)
 Metaspace       used 23776K, committed 24192K, reserved 1114112K
  class space    used 2907K, committed 3072K, reserved 1048576K
}
Event: 1.207 GC heap after
{Heap after GC invocations=5 (full 0):
 garbage-first heap   total reserved 8314880K, committed 57344K, used 12055K [0x0000000604800000, 0x0000000800000000)
  region size 4096K, 1 young (4096K), 1 survivors (4096K)
 Metaspace       used 23776K, committed 24192K, reserved 1114112K
  class space    used 2907K, committed 3072K, reserved 1048576K
}
Event: 1.530 GC heap before
{Heap before GC invocations=5 (full 0):
 garbage-first heap   total reserved 8314880K, committed 57344K, used 36631K [0x0000000604800000, 0x0000000800000000)
  region size 4096K, 7 young (28672K), 1 survivors (4096K)
 Metaspace       used 28157K, committed 28672K, reserved 1114112K
  class space    used 3534K, committed 3776K, reserved 1048576K
}
Event: 1.533 GC heap after
{Heap after GC invocations=6 (full 0):
 garbage-first heap   total reserved 8314880K, committed 57344K, used 14246K [0x0000000604800000, 0x0000000800000000)
  region size 4096K, 1 young (4096K), 1 survivors (4096K)
 Metaspace       used 28157K, committed 28672K, reserved 1114112K
  class space    used 3534K, committed 3776K, reserved 1048576K
}
Event: 1.948 GC heap before
{Heap before GC invocations=6 (full 0):
 garbage-first heap   total reserved 8314880K, committed 57344K, used 42918K [0x0000000604800000, 0x0000000800000000)
  region size 4096K, 8 young (32768K), 1 survivors (4096K)
 Metaspace       used 34702K, committed 35264K, reserved 1114112K
  class space    used 4366K, committed 4608K, reserved 1048576K
}
Event: 1.950 GC heap after
{Heap after GC invocations=7 (full 0):
 garbage-first heap   total reserved 8314880K, committed 57344K, used 16998K [0x0000000604800000, 0x0000000800000000)
  region size 4096K, 1 young (4096K), 1 survivors (4096K)
 Metaspace       used 34702K, committed 35264K, reserved 1114112K
  class space    used 4366K, committed 4608K, reserved 1048576K
}
Event: 2.005 GC heap before
{Heap before GC invocations=7 (full 0):
 garbage-first heap   total reserved 8314880K, committed 57344K, used 21094K [0x0000000604800000, 0x0000000800000000)
  region size 4096K, 3 young (12288K), 1 survivors (4096K)
 Metaspace       used 35500K, committed 36096K, reserved 1114112K
  class space    used 4476K, committed 4736K, reserved 1048576K
}
Event: 2.007 GC heap after
{Heap after GC invocations=8 (full 0):
 garbage-first heap   total reserved 8314880K, committed 57344K, used 17840K [0x0000000604800000, 0x0000000800000000)
  region size 4096K, 1 young (4096K), 1 survivors (4096K)
 Metaspace       used 35500K, committed 36096K, reserved 1114112K
  class space    used 4476K, committed 4736K, reserved 1048576K
}
Event: 14.804 GC heap before
{Heap before GC invocations=9 (full 0):
 garbage-first heap   total reserved 8314880K, committed 57344K, used 38320K [0x0000000604800000, 0x0000000800000000)
  region size 4096K, 7 young (28672K), 1 survivors (4096K)
 Metaspace       used 40673K, committed 41344K, reserved 1114112K
  class space    used 5155K, committed 5440K, reserved 1048576K
}
Event: 14.814 GC heap after
{Heap after GC invocations=10 (full 0):
 garbage-first heap   total reserved 8314880K, committed 57344K, used 19828K [0x0000000604800000, 0x0000000800000000)
  region size 4096K, 1 young (4096K), 1 survivors (4096K)
 Metaspace       used 40673K, committed 41344K, reserved 1114112K
  class space    used 5155K, committed 5440K, reserved 1048576K
}

Dll operation events (16 events):
Event: 0.007 Loaded shared library C:\Users\misakait\.jdks\openjdk-22.0.2\bin\java.dll
Event: 0.030 Loaded shared library C:\Users\misakait\.jdks\openjdk-22.0.2\bin\jsvml.dll
Event: 0.065 Loaded shared library C:\Users\misakait\.jdks\openjdk-22.0.2\bin\zip.dll
Event: 0.068 Loaded shared library C:\Users\misakait\.jdks\openjdk-22.0.2\bin\instrument.dll
Event: 0.071 Loaded shared library C:\Users\misakait\.jdks\openjdk-22.0.2\bin\net.dll
Event: 0.072 Loaded shared library C:\Users\misakait\.jdks\openjdk-22.0.2\bin\nio.dll
Event: 0.073 Loaded shared library C:\Users\misakait\.jdks\openjdk-22.0.2\bin\zip.dll
Event: 0.101 Loaded shared library C:\Users\misakait\.jdks\openjdk-22.0.2\bin\jimage.dll
Event: 0.119 Loaded shared library D:\Program Files\JetBrains\IntelliJ IDEA 2024.2.3\bin\breakgen64.dll
Event: 0.125 Loaded shared library C:\Users\misakait\.jdks\openjdk-22.0.2\bin\extnet.dll
Event: 0.132 Loaded shared library C:\Users\misakait\.jdks\openjdk-22.0.2\bin\management.dll
Event: 0.138 Loaded shared library C:\Users\misakait\.jdks\openjdk-22.0.2\bin\management_ext.dll
Event: 0.571 Loaded shared library C:\Users\misakait\.jdks\openjdk-22.0.2\bin\le.dll
Event: 0.778 Loaded shared library C:\Users\misakait\.jdks\openjdk-22.0.2\bin\sunmscapi.dll
Event: 150.439 Loaded shared library X:\Temp\idea_libasyncProfiler_dll_temp_folder\libasyncProfiler.dll
Event: 150.488 Unloaded dll "X:\Temp\idea_libasyncProfiler_dll_temp_folder\libasyncProfiler.dll" [0x00007ff8f24a0000]

Deoptimization events (20 events):
Event: 150.472 Thread 0x000001bc64942940 Uncommon trap: trap_request=0xffffffde fr.pc=0x000001bc52545790 relative=0x0000000000002110
Event: 150.472 Thread 0x000001bc64942940 Uncommon trap: reason=class_check action=maybe_recompile pc=0x000001bc52545790 method=jdk.internal.util.xml.impl.ParserSAX.bflash_ws()V @ 22 c2
Event: 150.472 Thread 0x000001bc64942940 DEOPT PACKING pc=0x000001bc52545790 sp=0x0000001d9b6fe4c0
Event: 150.472 Thread 0x000001bc64942940 DEOPT UNPACKING pc=0x000001bc51dd46a2 sp=0x0000001d9b6fe440 mode 2
Event: 150.472 Thread 0x000001bc64942940 Uncommon trap: trap_request=0xffffffde fr.pc=0x000001bc52545790 relative=0x0000000000002110
Event: 150.472 Thread 0x000001bc64942940 Uncommon trap: reason=class_check action=maybe_recompile pc=0x000001bc52545790 method=jdk.internal.util.xml.impl.ParserSAX.bflash_ws()V @ 22 c2
Event: 150.472 Thread 0x000001bc64942940 DEOPT PACKING pc=0x000001bc52545790 sp=0x0000001d9b6fe4c0
Event: 150.472 Thread 0x000001bc64942940 DEOPT UNPACKING pc=0x000001bc51dd46a2 sp=0x0000001d9b6fe440 mode 2
Event: 150.473 Thread 0x000001bc64942940 Uncommon trap: trap_request=0xffffffde fr.pc=0x000001bc52545790 relative=0x0000000000002110
Event: 150.473 Thread 0x000001bc64942940 Uncommon trap: reason=class_check action=maybe_recompile pc=0x000001bc52545790 method=jdk.internal.util.xml.impl.ParserSAX.bflash_ws()V @ 22 c2
Event: 150.473 Thread 0x000001bc64942940 DEOPT PACKING pc=0x000001bc52545790 sp=0x0000001d9b6fe4c0
Event: 150.473 Thread 0x000001bc64942940 DEOPT UNPACKING pc=0x000001bc51dd46a2 sp=0x0000001d9b6fe440 mode 2
Event: 150.473 Thread 0x000001bc64942940 Uncommon trap: trap_request=0xffffffde fr.pc=0x000001bc52545790 relative=0x0000000000002110
Event: 150.473 Thread 0x000001bc64942940 Uncommon trap: reason=class_check action=maybe_recompile pc=0x000001bc52545790 method=jdk.internal.util.xml.impl.ParserSAX.bflash_ws()V @ 22 c2
Event: 150.473 Thread 0x000001bc64942940 DEOPT PACKING pc=0x000001bc52545790 sp=0x0000001d9b6fe4c0
Event: 150.473 Thread 0x000001bc64942940 DEOPT UNPACKING pc=0x000001bc51dd46a2 sp=0x0000001d9b6fe440 mode 2
Event: 150.486 Thread 0x000001bc64942940 Uncommon trap: trap_request=0xffffffc6 fr.pc=0x000001bc52757940 relative=0x0000000000000360
Event: 150.486 Thread 0x000001bc64942940 Uncommon trap: reason=bimorphic_or_optimized_type_check action=maybe_recompile pc=0x000001bc52757940 method=java.util.Collections$SetFromMap.contains(Ljava/lang/Object;)Z @ 5 c2
Event: 150.486 Thread 0x000001bc64942940 DEOPT PACKING pc=0x000001bc52757940 sp=0x0000001d9b6fe6a0
Event: 150.486 Thread 0x000001bc64942940 DEOPT UNPACKING pc=0x000001bc51dd46a2 sp=0x0000001d9b6fe648 mode 2

Classes loaded (20 events):
Event: 150.482 Loading class sun/nio/fs/WindowsAclFileAttributeView
Event: 150.482 Loading class sun/nio/fs/AbstractAclFileAttributeView
Event: 150.482 Loading class java/nio/file/attribute/AclFileAttributeView
Event: 150.482 Loading class java/nio/file/attribute/FileOwnerAttributeView
Event: 150.482 Loading class java/nio/file/attribute/FileOwnerAttributeView done
Event: 150.482 Loading class java/nio/file/attribute/AclFileAttributeView done
Event: 150.482 Loading class sun/nio/fs/AbstractAclFileAttributeView done
Event: 150.482 Loading class sun/nio/fs/WindowsAclFileAttributeView done
Event: 150.483 Loading class sun/nio/fs/WindowsSecurity
Event: 150.483 Loading class sun/nio/fs/WindowsSecurity done
Event: 150.483 Loading class sun/nio/fs/WindowsFileStore
Event: 150.484 Loading class java/nio/file/FileStore
Event: 150.484 Loading class java/nio/file/FileStore done
Event: 150.484 Loading class sun/nio/fs/WindowsFileStore done
Event: 150.485 Loading class java/lang/Throwable$WrappedPrintStream
Event: 150.485 Loading class java/lang/Throwable$PrintStreamOrWriter
Event: 150.485 Loading class java/lang/Throwable$PrintStreamOrWriter done
Event: 150.485 Loading class java/lang/Throwable$WrappedPrintStream done
Event: 155.892 Loading class jdk/internal/misc/Signal$1
Event: 155.893 Loading class jdk/internal/misc/Signal$1 done

Classes unloaded (0 events):
No events

Classes redefined (0 events):
No events

Internal exceptions (20 events):
Event: 1.857 Thread 0x000001bc40a03de0 Exception <a 'java/lang/NoSuchMethodError'{0x00000006068cbff8}: 'int java.lang.invoke.Invokers$Holder.invokeExact_MT(java.lang.Object, java.lang.Object, java.lang.Object)'> (0x00000006068cbff8) 
thrown [s\open\src\hotspot\share\interpreter\linkResolver.cpp, line 774]
Event: 1.913 Thread 0x000001bc40a03de0 Exception <a 'java/lang/NoSuchMethodError'{0x0000000606b150d0}: 'java.lang.Object java.lang.invoke.DirectMethodHandle$Holder.newInvokeSpecial(java.lang.Object, java.lang.Object, int)'> (0x0000000606b150d0) 
thrown [s\open\src\hotspot\share\interpreter\linkResolver.cpp, line 774]
Event: 1.915 Thread 0x000001bc40a03de0 Implicit null exception at 0x000001bc5251a244 to 0x000001bc5251a998
Event: 1.915 Thread 0x000001bc40a03de0 Implicit null exception at 0x000001bc5251b0c0 to 0x000001bc5251b808
Event: 1.964 Thread 0x000001bc40a03de0 Exception <a 'java/lang/NoSuchMethodError'{0x00000006240ed9b0}: 'java.lang.Object java.lang.invoke.DirectMethodHandle$Holder.newInvokeSpecial(java.lang.Object, java.lang.Object, java.lang.Object, java.lang.Object, java.lang.Object, java.lang.Object)'> (0x00000006240ed9b0) 
thrown [s\open\src\hotspot\share\interpreter\linkResolver.cpp, line 774]
Event: 1.967 Thread 0x000001bc40a03de0 Exception <a 'java/lang/NoSuchMethodError'{0x0000000624133820}: 'java.lang.Object java.lang.invoke.DirectMethodHandle$Holder.newInvokeSpecial(java.lang.Object, java.lang.Object, java.lang.Object, java.lang.Object, java.lang.Object, java.lang.Object, java.lang.Object, java.lang.Object)'> (0x0000000624133820) 
thrown [s\open\src\hotspot\share\interpreter\linkResolver.cpp, line 774]
Event: 2.048 Thread 0x000001bc40a03de0 Exception <a 'java/lang/IncompatibleClassChangeError'{0x00000006241cdd58}: Found class java.lang.Object, but interface was expected> (0x00000006241cdd58) 
thrown [s\open\src\hotspot\share\interpreter\linkResolver.cpp, line 841]
Event: 2.075 Thread 0x000001bc40a03de0 Exception <a 'java/lang/NoSuchMethodError'{0x00000006243025a8}: 'void java.lang.invoke.DirectMethodHandle$Holder.invokeVirtual(java.lang.Object, java.lang.Object, long)'> (0x00000006243025a8) 
thrown [s\open\src\hotspot\share\interpreter\linkResolver.cpp, line 774]
Event: 2.115 Thread 0x000001bc40a03de0 Exception <a 'java/lang/NoSuchMethodError'{0x00000006222b4e80}: 'int java.lang.invoke.DirectMethodHandle$Holder.invokeStaticInit(java.lang.Object, java.lang.Object, java.lang.Object, java.lang.Object)'> (0x00000006222b4e80) 
thrown [s\open\src\hotspot\share\interpreter\linkResolver.cpp, line 774]
Event: 2.148 Thread 0x000001bc40a03de0 Exception <a 'java/lang/IncompatibleClassChangeError'{0x00000006071fcdb0}: Found class java.lang.Object, but interface was expected> (0x00000006071fcdb0) 
thrown [s\open\src\hotspot\share\interpreter\linkResolver.cpp, line 841]
Event: 2.161 Thread 0x000001bc40a03de0 Exception <a 'java/lang/NoSuchMethodError'{0x00000006072f1298}: 'java.lang.Object java.lang.invoke.DirectMethodHandle$Holder.newInvokeSpecial(java.lang.Object, java.lang.Object, int, java.lang.Object, java.lang.Object)'> (0x00000006072f1298) 
thrown [s\open\src\hotspot\share\interpreter\linkResolver.cpp, line 774]
Event: 14.461 Thread 0x000001bcb235fb80 Exception <a 'java/lang/NoSuchMethodError'{0x0000000606e9d040}: 'java.lang.Object java.lang.invoke.DirectMethodHandle$Holder.invokeSpecial(java.lang.Object, java.lang.Object, java.lang.Object, java.lang.Object, java.lang.Object, long)'> (0x0000000606e9d040) 
thrown [s\open\src\hotspot\share\interpreter\linkResolver.cpp, line 774]
Event: 14.461 Thread 0x000001bcb235fb80 Exception <a 'java/lang/NoSuchMethodError'{0x0000000606ea0800}: 'java.lang.Object java.lang.invoke.Invokers$Holder.linkToTargetMethod(java.lang.Object, java.lang.Object, java.lang.Object, long, java.lang.Object)'> (0x0000000606ea0800) 
thrown [s\open\src\hotspot\share\interpreter\linkResolver.cpp, line 774]
Event: 14.692 Thread 0x000001bcb235fb80 Implicit null exception at 0x000001bc524e9b73 to 0x000001bc524e9de4
Event: 15.102 Thread 0x000001bcb235fb80 Exception <a 'java/lang/NoSuchMethodError'{0x0000000621c3e6f8}: 'java.lang.Object java.lang.invoke.DirectMethodHandle$Holder.invokeStaticInit(java.lang.Object, java.lang.Object, java.lang.Object, java.lang.Object)'> (0x0000000621c3e6f8) 
thrown [s\open\src\hotspot\share\interpreter\linkResolver.cpp, line 774]
Event: 61.621 Thread 0x000001bcb235d420 Exception <a 'java/lang/NoSuchMethodError'{0x0000000621f56df8}: 'java.lang.Object java.lang.invoke.DirectMethodHandle$Holder.invokeInterface(java.lang.Object, java.lang.Object, java.lang.Object, java.lang.Object)'> (0x0000000621f56df8) 
thrown [s\open\src\hotspot\share\interpreter\linkResolver.cpp, line 774]
Event: 61.662 Thread 0x000001bcb235d420 Exception <a 'java/lang/ClassNotFoundException'{0x000000060704aa30}: java/util/MapBeanInfo> (0x000000060704aa30) 
thrown [s\open\src\hotspot\share\classfile\systemDictionary.cpp, line 313]
Event: 61.663 Thread 0x000001bcb235d420 Exception <a 'java/lang/ClassNotFoundException'{0x000000060704e858}: java/util/MapCustomizer> (0x000000060704e858) 
thrown [s\open\src\hotspot\share\classfile\systemDictionary.cpp, line 313]
Event: 150.484 Thread 0x000001bc64942940 Exception <a 'sun/nio/fs/WindowsException'{0x0000000606c148e8}> (0x0000000606c148e8) 
thrown [s\open\src\hotspot\share\prims\jni.cpp, line 520]
Event: 150.484 Thread 0x000001bc64942940 Exception <a 'sun/nio/fs/WindowsException'{0x0000000606c149d8}> (0x0000000606c149d8) 
thrown [s\open\src\hotspot\share\prims\jni.cpp, line 520]

ZGC Phase Switch (0 events):
No events

VM Operations (20 events):
Event: 102.335 Executing VM operation: Cleanup
Event: 102.335 Executing VM operation: Cleanup done
Event: 115.442 Executing VM operation: Cleanup
Event: 115.442 Executing VM operation: Cleanup done
Event: 120.488 Executing VM operation: Cleanup
Event: 120.488 Executing VM operation: Cleanup done
Event: 121.498 Executing VM operation: Cleanup
Event: 121.498 Executing VM operation: Cleanup done
Event: 139.614 Executing VM operation: Cleanup
Event: 139.614 Executing VM operation: Cleanup done
Event: 143.637 Executing VM operation: Cleanup
Event: 143.637 Executing VM operation: Cleanup done
Event: 144.640 Executing VM operation: Cleanup
Event: 144.640 Executing VM operation: Cleanup done
Event: 147.670 Executing VM operation: Cleanup
Event: 147.670 Executing VM operation: Cleanup done
Event: 150.707 Executing VM operation: Cleanup
Event: 150.707 Executing VM operation: Cleanup done
Event: 151.714 Executing VM operation: Cleanup
Event: 151.715 Executing VM operation: Cleanup done

Memory protections (0 events):
No events

Nmethod flushes (20 events):
Event: 2.014 Thread 0x000001bc6491c9d0 flushing  nmethod 0x000001bc4aa18f10
Event: 2.014 Thread 0x000001bc6491c9d0 flushing  nmethod 0x000001bc4aa19c10
Event: 2.014 Thread 0x000001bc6491c9d0 flushing  nmethod 0x000001bc4aa1e890
Event: 2.014 Thread 0x000001bc6491c9d0 flushing  nmethod 0x000001bc4aa3e490
Event: 2.014 Thread 0x000001bc6491c9d0 flushing  nmethod 0x000001bc4aa42590
Event: 2.014 Thread 0x000001bc6491c9d0 flushing  nmethod 0x000001bc4aa42a90
Event: 2.014 Thread 0x000001bc6491c9d0 flushing  nmethod 0x000001bc4aa43410
Event: 2.014 Thread 0x000001bc6491c9d0 flushing  nmethod 0x000001bc4aa43910
Event: 2.014 Thread 0x000001bc6491c9d0 flushing  nmethod 0x000001bc4aa44710
Event: 2.014 Thread 0x000001bc6491c9d0 flushing  nmethod 0x000001bc4aa44e90
Event: 2.014 Thread 0x000001bc6491c9d0 flushing  nmethod 0x000001bc4aa45710
Event: 2.014 Thread 0x000001bc6491c9d0 flushing  nmethod 0x000001bc4aa8ba90
Event: 2.014 Thread 0x000001bc6491c9d0 flushing  nmethod 0x000001bc4aac7a90
Event: 2.014 Thread 0x000001bc6491c9d0 flushing  nmethod 0x000001bc4ab65e10
Event: 2.014 Thread 0x000001bc6491c9d0 flushing  nmethod 0x000001bc4abbd710
Event: 2.014 Thread 0x000001bc6491c9d0 flushing  nmethod 0x000001bc4ac12d10
Event: 2.014 Thread 0x000001bc6491c9d0 flushing  nmethod 0x000001bc4ac26390
Event: 2.014 Thread 0x000001bc6491c9d0 flushing  nmethod 0x000001bc4ae28790
Event: 2.014 Thread 0x000001bc6491c9d0 flushing  nmethod 0x000001bc4ae28c90
Event: 2.014 Thread 0x000001bc6491c9d0 flushing  nmethod 0x000001bc4ae29a10

Events (20 events):
Event: 2.710 Thread 0x000001bc67adc3b0 Thread exited: 0x000001bc67adc3b0
Event: 2.711 Thread 0x000001bc67924a00 Thread exited: 0x000001bc67924a00
Event: 3.917 Thread 0x000001bc678ee120 Thread exited: 0x000001bc678ee120
Event: 3.917 Thread 0x000001bc678ee9f0 Thread exited: 0x000001bc678ee9f0
Event: 14.558 Thread 0x000001bc677e9fa0 Thread added: 0x000001bcafa55280
Event: 14.785 Thread 0x000001bcafa55280 Thread exited: 0x000001bcafa55280
Event: 14.972 Thread 0x000001bc677e9fa0 Thread added: 0x000001bcafa53e10
Event: 15.060 Thread 0x000001bcb235fb80 Thread added: 0x000001bcb235e7d0
Event: 15.167 Thread 0x000001bcb235e7d0 Thread added: 0x000001bcb235f4f0
Event: 15.217 Thread 0x000001bcafa53e10 Thread exited: 0x000001bcafa53e10
Event: 15.338 Thread 0x000001bc64952890 Thread added: 0x000001bcaee79240
Event: 16.885 Thread 0x000001bcaee79240 Thread exited: 0x000001bcaee79240
Event: 16.891 Thread 0x000001bc677e9fa0 Thread added: 0x000001bcaee77dd0
Event: 19.059 Thread 0x000001bcaee77dd0 Thread exited: 0x000001bcaee77dd0
Event: 20.534 Thread 0x000001bcb235f4f0 Thread exited: 0x000001bcb235f4f0
Event: 142.994 Thread 0x000001bc677e9fa0 Thread added: 0x000001bcaee79240
Event: 146.445 Thread 0x000001bcaee79240 Thread exited: 0x000001bcaee79240
Event: 150.485 Thread 0x000001bc64952890 Thread added: 0x000001bcb03b3910
Event: 150.485 Thread 0x000001bc64952890 Thread added: 0x000001bcb03b3240
Event: 154.113 Thread 0x000001bcb03b3240 Thread exited: 0x000001bcb03b3240


Dynamic libraries:
0x00007ff6d68d0000 - 0x00007ff6d68de000 	C:\Users\misakait\.jdks\openjdk-22.0.2\bin\java.exe
0x00007ff9a78d0000 - 0x00007ff9a7ae7000 	C:\WINDOWS\SYSTEM32\ntdll.dll
0x00007ff9a6620000 - 0x00007ff9a66e4000 	C:\WINDOWS\System32\KERNEL32.DLL
0x00007ff9a4d70000 - 0x00007ff9a5129000 	C:\WINDOWS\System32\KERNELBASE.dll
0x00007ff9a53e0000 - 0x00007ff9a54f1000 	C:\WINDOWS\System32\ucrtbase.dll
0x00007ff98b220000 - 0x00007ff98b23b000 	C:\Users\misakait\.jdks\openjdk-22.0.2\bin\VCRUNTIME140.dll
0x00007ff98b730000 - 0x00007ff98b747000 	C:\Users\misakait\.jdks\openjdk-22.0.2\bin\jli.dll
0x00007ff9a6ed0000 - 0x00007ff9a707e000 	C:\WINDOWS\System32\USER32.dll
0x00007ff9a4bd0000 - 0x00007ff9a4bf6000 	C:\WINDOWS\System32\win32u.dll
0x00007ff98a4b0000 - 0x00007ff98a742000 	C:\WINDOWS\WinSxS\amd64_microsoft.windows.common-controls_6595b64144ccf1df_6.0.22621.4391_none_2715d37f73803e96\COMCTL32.dll
0x00007ff9a6780000 - 0x00007ff9a67a9000 	C:\WINDOWS\System32\GDI32.dll
0x00007ff9a64c0000 - 0x00007ff9a6567000 	C:\WINDOWS\System32\msvcrt.dll
0x00007ff9a51d0000 - 0x00007ff9a52eb000 	C:\WINDOWS\System32\gdi32full.dll
0x00007ff9a5130000 - 0x00007ff9a51ca000 	C:\WINDOWS\System32\msvcp_win.dll
0x00007ff9a6d70000 - 0x00007ff9a6da1000 	C:\WINDOWS\System32\IMM32.DLL
0x00007ff977740000 - 0x00007ff977822000 	D:\Program Files\Windhawk\Engine\1.4.1\64\windhawk.dll
0x00007ff9a6b30000 - 0x00007ff9a6be2000 	C:\WINDOWS\System32\ADVAPI32.dll
0x00007ff9a6a20000 - 0x00007ff9a6ac7000 	C:\WINDOWS\System32\sechost.dll
0x00007ff9a55c0000 - 0x00007ff9a55e8000 	C:\WINDOWS\System32\bcrypt.dll
0x00007ff9a6db0000 - 0x00007ff9a6ec4000 	C:\WINDOWS\System32\RPCRT4.dll
0x00007ff97fe40000 - 0x00007ff97fe5c000 	C:\ProgramData\Windhawk\Engine\Mods\64\text-replace_323548.dll
0x00007ff97f890000 - 0x00007ff97f8c8000 	C:\ProgramData\Windhawk\Engine\Mods\64\libunwind.dll
0x00007ff9773b0000 - 0x00007ff977541000 	C:\ProgramData\Windhawk\Engine\Mods\64\libc++.dll
0x00007ff98b710000 - 0x00007ff98b71c000 	C:\Users\misakait\.jdks\openjdk-22.0.2\bin\vcruntime140_1.dll
0x00007ff98a220000 - 0x00007ff98a2ae000 	C:\Users\misakait\.jdks\openjdk-22.0.2\bin\msvcp140.dll
0x00007ff8c1420000 - 0x00007ff8c2169000 	C:\Users\misakait\.jdks\openjdk-22.0.2\bin\server\jvm.dll
0x00007ff9a7390000 - 0x00007ff9a7401000 	C:\WINDOWS\System32\WS2_32.dll
0x00007ff9a3a20000 - 0x00007ff9a3a6d000 	C:\WINDOWS\SYSTEM32\POWRPROF.dll
0x00007ff9a1520000 - 0x00007ff9a1554000 	C:\WINDOWS\SYSTEM32\WINMM.dll
0x00007ff99dc60000 - 0x00007ff99dc6a000 	C:\WINDOWS\SYSTEM32\VERSION.dll
0x00007ff9a3a00000 - 0x00007ff9a3a13000 	C:\WINDOWS\SYSTEM32\UMPDC.dll
0x00007ff9a3c20000 - 0x00007ff9a3c38000 	C:\WINDOWS\SYSTEM32\kernel.appcore.dll
0x00007ff98b5f0000 - 0x00007ff98b5fa000 	C:\Users\misakait\.jdks\openjdk-22.0.2\bin\jimage.dll
0x00007ff9a2400000 - 0x00007ff9a2632000 	C:\WINDOWS\SYSTEM32\DBGHELP.DLL
0x00007ff9a6030000 - 0x00007ff9a63bf000 	C:\WINDOWS\System32\combase.dll
0x00007ff9a72b0000 - 0x00007ff9a7387000 	C:\WINDOWS\System32\OLEAUT32.dll
0x00007ff982ef0000 - 0x00007ff982f22000 	C:\WINDOWS\SYSTEM32\dbgcore.DLL
0x00007ff9a5360000 - 0x00007ff9a53db000 	C:\WINDOWS\System32\bcryptPrimitives.dll
0x00007ff98ad60000 - 0x00007ff98ad6f000 	C:\Users\misakait\.jdks\openjdk-22.0.2\bin\instrument.dll
0x00007ff98b130000 - 0x00007ff98b14e000 	C:\Users\misakait\.jdks\openjdk-22.0.2\bin\java.dll
0x00007ff9a57b0000 - 0x00007ff9a6026000 	C:\WINDOWS\System32\SHELL32.dll
0x00007ff9a67b0000 - 0x00007ff9a6955000 	C:\WINDOWS\System32\ole32.dll
0x00007ff9a2ac0000 - 0x00007ff9a33c3000 	C:\WINDOWS\SYSTEM32\windows.storage.dll
0x00007ff9a2980000 - 0x00007ff9a2abf000 	C:\WINDOWS\SYSTEM32\wintypes.dll
0x00007ff9a6bf0000 - 0x00007ff9a6ce9000 	C:\WINDOWS\System32\SHCORE.dll
0x00007ff9a5750000 - 0x00007ff9a57ae000 	C:\WINDOWS\System32\shlwapi.dll
0x00007ff9a4b00000 - 0x00007ff9a4b2b000 	C:\WINDOWS\SYSTEM32\profapi.dll
0x00007ff8fcd70000 - 0x00007ff8fce47000 	C:\Users\misakait\.jdks\openjdk-22.0.2\bin\jsvml.dll
0x00007ff98aef0000 - 0x00007ff98af07000 	C:\Users\misakait\.jdks\openjdk-22.0.2\bin\zip.dll
0x00007ff98b3b0000 - 0x00007ff98b3c0000 	C:\Users\misakait\.jdks\openjdk-22.0.2\bin\net.dll
0x00007ff9a4130000 - 0x00007ff9a4199000 	C:\WINDOWS\system32\mswsock.dll
0x00007ff98b060000 - 0x00007ff98b076000 	C:\Users\misakait\.jdks\openjdk-22.0.2\bin\nio.dll
0x00007ff98ad40000 - 0x00007ff98ad5a000 	D:\Program Files\JetBrains\IntelliJ IDEA 2024.2.3\bin\breakgen64.dll
0x00007ff9a36a0000 - 0x00007ff9a37a2000 	C:\WINDOWS\SYSTEM32\DNSAPI.dll
0x00007ff9a3630000 - 0x00007ff9a365d000 	C:\WINDOWS\SYSTEM32\IPHLPAPI.DLL
0x000001bc40ce0000 - 0x000001bc40ce9000 	C:\WINDOWS\System32\NSI.dll
0x00007ff98b340000 - 0x00007ff98b349000 	C:\Users\misakait\.jdks\openjdk-22.0.2\bin\extnet.dll
0x00000000549e0000 - 0x0000000054a06000 	C:\Program Files\Bonjour\mdnsNSP.dll
0x00007ff998430000 - 0x00007ff99843a000 	C:\Windows\System32\rasadhlp.dll
0x00007ff999be0000 - 0x00007ff999c63000 	C:\WINDOWS\System32\fwpuclnt.dll
0x00007ff98abd0000 - 0x00007ff98abda000 	C:\Users\misakait\.jdks\openjdk-22.0.2\bin\management.dll
0x00007ff98abc0000 - 0x00007ff98abcb000 	C:\Users\misakait\.jdks\openjdk-22.0.2\bin\management_ext.dll
0x00007ff9a6a10000 - 0x00007ff9a6a18000 	C:\WINDOWS\System32\PSAPI.DLL
0x00007ff9a4480000 - 0x00007ff9a449b000 	C:\WINDOWS\SYSTEM32\CRYPTSP.dll
0x00007ff9a3c40000 - 0x00007ff9a3c75000 	C:\WINDOWS\system32\rsaenh.dll
0x00007ff9a41d0000 - 0x00007ff9a41f8000 	C:\WINDOWS\SYSTEM32\USERENV.dll
0x00007ff9a4460000 - 0x00007ff9a446c000 	C:\WINDOWS\SYSTEM32\CRYPTBASE.dll
0x00007ff973a00000 - 0x00007ff973a17000 	C:\WINDOWS\system32\napinsp.dll
0x00007ff9739e0000 - 0x00007ff9739fb000 	C:\WINDOWS\system32\pnrpnsp.dll
0x00007ff973030000 - 0x00007ff973041000 	C:\WINDOWS\System32\winrnr.dll
0x00007ff973010000 - 0x00007ff973025000 	C:\WINDOWS\system32\wshbth.dll
0x00007ff972fb0000 - 0x00007ff972fd7000 	C:\WINDOWS\system32\nlansp_c.dll
0x00007ff985c40000 - 0x00007ff985c90000 	C:\WINDOWS\SYSTEM32\pdh.dll
0x00007ff98aaa0000 - 0x00007ff98aab1000 	C:\WINDOWS\System32\perfproc.dll
0x00007ff98abb0000 - 0x00007ff98abbb000 	C:\Users\misakait\.jdks\openjdk-22.0.2\bin\le.dll
0x00007ff98ba40000 - 0x00007ff98ba4e000 	C:\Users\misakait\.jdks\openjdk-22.0.2\bin\sunmscapi.dll
0x00007ff9a4c00000 - 0x00007ff9a4d66000 	C:\WINDOWS\System32\CRYPT32.dll
0x00007ff9a4570000 - 0x00007ff9a459d000 	C:\WINDOWS\SYSTEM32\ncrypt.dll
0x00007ff9a4530000 - 0x00007ff9a4567000 	C:\WINDOWS\SYSTEM32\NTASN1.dll
0x00007ff9833d0000 - 0x00007ff9833d8000 	C:\WINDOWS\system32\wshunix.dll

dbghelp: loaded successfully - version: 4.0.5 - missing functions: none
symbol engine: initialized successfully - sym options: 0x614 - pdb path: .;C:\Users\misakait\.jdks\openjdk-22.0.2\bin;C:\WINDOWS\SYSTEM32;C:\WINDOWS\WinSxS\amd64_microsoft.windows.common-controls_6595b64144ccf1df_6.0.22621.4391_none_2715d37f73803e96;D:\Program Files\Windhawk\Engine\1.4.1\64;C:\ProgramData\Windhawk\Engine\Mods\64;C:\Users\misakait\.jdks\openjdk-22.0.2\bin\server;D:\Program Files\JetBrains\IntelliJ IDEA 2024.2.3\bin;C:\Program Files\Bonjour;X:\Temp\idea_libasyncProfiler_dll_temp_folder

VM Arguments:
jvm_args: -javaagent:D:\Program Files\JetBrains\IntelliJ IDEA 2024.2.3\lib\idea_rt.jar=61061:D:\Program Files\JetBrains\IntelliJ IDEA 2024.2.3\bin -Dfile.encoding=UTF-8 -Dsun.stdout.encoding=UTF-8 -Dsun.stderr.encoding=UTF-8 
java_command: tech.misakait.firstfullstack.FirstFullStackApplication
java_class_path (initial): C:\Users\misakait\IdeaProjects\FirstFullStack\target\classes;C:\Users\misakait\.m2\repository\org\springframework\boot\spring-boot-starter-web\3.3.5\spring-boot-starter-web-3.3.5.jar;C:\Users\misakait\.m2\repository\org\springframework\boot\spring-boot-starter\3.3.5\spring-boot-starter-3.3.5.jar;C:\Users\misakait\.m2\repository\org\springframework\boot\spring-boot\3.3.5\spring-boot-3.3.5.jar;C:\Users\misakait\.m2\repository\org\springframework\boot\spring-boot-starter-logging\3.3.5\spring-boot-starter-logging-3.3.5.jar;C:\Users\misakait\.m2\repository\ch\qos\logback\logback-classic\1.5.11\logback-classic-1.5.11.jar;C:\Users\misakait\.m2\repository\ch\qos\logback\logback-core\1.5.11\logback-core-1.5.11.jar;C:\Users\misakait\.m2\repository\org\apache\logging\log4j\log4j-to-slf4j\2.23.1\log4j-to-slf4j-2.23.1.jar;C:\Users\misakait\.m2\repository\org\apache\logging\log4j\log4j-api\2.23.1\log4j-api-2.23.1.jar;C:\Users\misakait\.m2\repository\org\slf4j\jul-to-slf4j\2.0.16\jul-to-slf4j-2.0.16.jar;C:\Users\misakait\.m2\repository\jakarta\annotation\jakarta.annotation-api\2.1.1\jakarta.annotation-api-2.1.1.jar;C:\Users\misakait\.m2\repository\org\yaml\snakeyaml\2.2\snakeyaml-2.2.jar;C:\Users\misakait\.m2\repository\org\springframework\boot\spring-boot-starter-json\3.3.5\spring-boot-starter-json-3.3.5.jar;C:\Users\misakait\.m2\repository\com\fasterxml\jackson\core\jackson-databind\2.17.2\jackson-databind-2.17.2.jar;C:\Users\misakait\.m2\repository\com\fasterxml\jackson\core\jackson-annotations\2.17.2\jackson-annotations-2.17.2.jar;C:\Users\misakait\.m2\repository\com\fasterxml\jackson\core\jackson-core\2.17.2\jackson-core-2.17.2.jar;C:\Users\misakait\.m2\repository\com\fasterxml\jackson\datatype\jackson-datatype-jdk8\2.17.2\jackson-datatype-jdk8-2.17.2.jar;C:\Users\misakait\.m2\repository\com\fasterxml\jackson\datatype\jackson-datatype-jsr310\2.17.2\jackson-datatype-jsr310-2.17.2.jar;C:\Users\misakait\.m2\repository\com\fasterxml\jackson\module\jackson-module-parameter-names\2.17.2\jackson-module-parameter-names-2.17.2.jar;C:\Users\misakait\.m2\repository\org\springframework\boot\spring-boot-starter-tomcat\3.3.5\spring-boot-starter-tomcat-3.3.5.jar;C:\Users\misakait\.m2\repository\org\apache\tomcat\embed\tomcat-embed-core\10.1.31\tomcat-embed-core-10.1.31.jar;C:\Users\misakait\.m2\repository\org\apache\tomcat\embed\tomcat-embed-el\10.1.31\tomcat-embed-el-10.1.31.jar;C:\Users\misakait\.m2\repository\org\apache\tomcat\embed\tomcat-embed-websocket\10.1.31\tomcat-embed-websocket-10.1.31.jar;C:\Users\misakait\.m2\repository\org\springframework\spring-web\6.1.14\spring-web-6.1.14.jar;C:\Users\misakait\.m2\repository\org\springframework\spring-beans\6.1.14\spring-beans-6.1.14.jar;C:\Users\misakait\.m2\repository\io\micrometer\micrometer-observation\1.13.6\micrometer-observation-1.13.6.jar;C:\Users\misakait\.m2\repository\io\micrometer\micrometer-commons\1.13.6\micrometer-commons-1.13.6.jar;C:\Users\misakait\.m2\repository\org\springframework\spring-webmvc\6.1.14\spring-webmvc-6.1.14.jar;C:\Users\misakait\.m2\repository\org\springframework\spring-aop\6.1.14\spring-aop-6.1.14.jar;C:\Users\misakait\.m2\repository\org\springframework\spring-context\6.1.14\spring-context-6.1.14.jar;C:\Users\misakait\.m2\repository\org\springframework\spring-expression\6.1.14\spring-expression-6.1.14.jar;C:\Users\misakait\.m2\repository\com\baomidou\mybatis-plus-spring-boot3-starter\3.5.9\mybatis-plus-spring-boot3-starter-3.5.9.jar;C:\Users\misakait\.m2\repository\com\baomidou\mybatis-plus\3.5.9\mybatis-plus-3.5.9.jar;C:\Users\misakait\.m2\repository\com\baomidou\mybatis-plus-core\3.5.9\mybatis-plus-core-3.5.9.jar;C:\Users\misakait\.m2\repository\com\baomidou\mybatis-plus-annotation\3.5.9\mybatis-plus-annotation-3.5.9.jar;C:\Users\misakait\.m2\repository\com\baomidou\mybatis-plus-spring\3.5.9\mybatis-plus-spring-3.5.9.jar;C:\Users\misakait\.m2\repository\com\baomidou\mybatis-plus-extension\3.5.9\mybatis-plus-extension-3.5.9.jar;C:\Users\misakait\.m2\repository\org\mybatis\mybatis\3.5.16\mybatis-3.5.16.jar;C:\Users\misakait\.m2\repository\org\mybatis\mybatis-spring\3.0.4\mybatis-spring-3.0.4.jar;C:\Users\misakait\.m2\repository\com\baomidou\mybatis-plus-spring-boot-autoconfigure\3.5.9\mybatis-plus-spring-boot-autoconfigure-3.5.9.jar;C:\Users\misakait\.m2\repository\org\springframework\boot\spring-boot-autoconfigure\3.3.5\spring-boot-autoconfigure-3.3.5.jar;C:\Users\misakait\.m2\repository\org\springframework\boot\spring-boot-starter-jdbc\3.3.5\spring-boot-starter-jdbc-3.3.5.jar;C:\Users\misakait\.m2\repository\com\zaxxer\HikariCP\5.1.0\HikariCP-5.1.0.jar;C:\Users\misakait\.m2\repository\org\springframework\spring-jdbc\6.1.14\spring-jdbc-6.1.14.jar;C:\Users\misakait\.m2\repository\org\springframework\spring-tx\6.1.14\spring-tx-6.1.14.jar;C:\Users\misakait\.m2\repository\org\slf4j\slf4j-api\2.0.16\slf4j-api-2.0.16.jar;C:\Users\misakait\.m2\repository\org\springframework\spring-core\6.1.14\spring-core-6.1.14.jar;C:\Users\misakait\.m2\repository\org\springframework\spring-jcl\6.1.14\spring-jcl-6.1.14.jar;C:\Users\misakait\.m2\repository\com\mysql\mysql-connector-j\8.0.33\mysql-connector-j-8.0.33.jar
Launcher Type: SUN_STANDARD

[Global flags]
     intx CICompilerCount                          = 12                                        {product} {ergonomic}
     uint ConcGCThreads                            = 3                                         {product} {ergonomic}
     uint G1ConcRefinementThreads                  = 13                                        {product} {ergonomic}
   size_t G1HeapRegionSize                         = 4194304                                   {product} {ergonomic}
   size_t InitialHeapSize                          = 532676608                                 {product} {ergonomic}
   size_t MarkStackSize                            = 4194304                                   {product} {ergonomic}
   size_t MaxHeapSize                              = 8514437120                                {product} {ergonomic}
   size_t MaxNewSize                               = 5108662272                                {product} {ergonomic}
   size_t MinHeapDeltaBytes                        = 4194304                                   {product} {ergonomic}
   size_t MinHeapSize                              = 8388608                                   {product} {ergonomic}
    uintx NonNMethodCodeHeapSize                   = 7602480                                {pd product} {ergonomic}
    uintx NonProfiledCodeHeapSize                  = 122027880                              {pd product} {ergonomic}
    uintx ProfiledCodeHeapSize                     = 122027880                              {pd product} {ergonomic}
    uintx ReservedCodeCacheSize                    = 251658240                              {pd product} {ergonomic}
     bool SegmentedCodeCache                       = true                                      {product} {ergonomic}
   size_t SoftMaxHeapSize                          = 8514437120                             {manageable} {ergonomic}
     bool UseCompressedOops                        = true                           {product lp64_product} {ergonomic}
     bool UseG1GC                                  = true                                      {product} {ergonomic}
     bool UseLargePagesIndividualAllocation        = false                                  {pd product} {ergonomic}

Logging:
Log output configuration:
 #0: stdout all=warning uptime,level,tags foldmultilines=false
 #1: stderr all=off uptime,level,tags foldmultilines=false

Environment Variables:
PATH=C:\Program Files\Python310\Scripts\;C:\Program Files\Python310\;C:\WINDOWS\system32;C:\WINDOWS;C:\WINDOWS\System32\Wbem;C:\WINDOWS\System32\WindowsPowerShell\v1.0\;C:\WINDOWS\System32\OpenSSH\;C:\Users\Administrator\AppData\Local\Microsoft\WindowsApps;C:\Recovery\OEM\Backup\;C:\Program Files\dotnet\;C:\Program Files (x86)\NVIDIA Corporation\PhysX\Common;C:\Recovery\OEM\Backup\;D:\Program Files (x86)\xshell7\;C:\Program Files\Python310\Lib\site-packages\nvidia\cudn;C:\Program Files\Process Lasso\;C:\Program Files\NVIDIA Corporation\NVIDIA NvDLISR;D:\Program Files\Git\cmd;C:\Users\misakait\AppData\Roaming\fnm\node-versions\v20.17.0\installation;C:\Users\misakait\AppData\Roaming\fnm\node-versions\v20.17.0\installation\node_modules\npm\bin;C:\Program Files (x86)\Microsoft SQL Server\160\Tools\Binn\;C:\Program Files\Microsoft SQL Server\160\Tools\Binn\;C:\Program Files\Microsoft SQL Server\Client SDK\ODBC\170\Tools\Binn\;C:\Program Files\Microsoft SQL Server\160\DTS\Binn\;C:\Program Files (x86)\Windows Kits\8.1\Windows Performance Toolkit\;C:\Program Files\OpenSSL-Win64\bin;C:\Users\misakait\AppData\Local\pnpm;C:\Users\misakait\AppData\Local\Microsoft\WindowsApps;;D:\Program Files\JetBrains\IntelliJ IDEA Community Edition 2024.1.4\bin;;C:\Users\misakait\AppData\Local\Microsoft\WinGet\Links;;C:\Users\misakait\AppData\Local\spicetify;D:\Program Files\JetBrains\PyCharm Community Edition 2024.2.3\bin;;D:\Program Files\JetBrains\WebStorm 2024.2.3\bin;;C:\Program Files\JetBrains\PyCharm 2024.2.3\bin;;D:\Program Files\JetBrains\IntelliJ IDEA 2024.2.3\bin;
USERNAME=misakait
OS=Windows_NT
PROCESSOR_IDENTIFIER=Intel64 Family 6 Model 186 Stepping 2, GenuineIntel
TMP=X:\Temp
TEMP=X:\Temp




Periodic native trim disabled

---------------  S Y S T E M  ---------------

OS:
 Windows 11 , 64 bit Build 22621 (10.0.22621.4391)
OS uptime: 5 days 23:09 hours
Hyper-V role detected

CPU: total 16 (initial active 16) (8 cores per cpu, 2 threads per core) family 6 model 186 stepping 2 microcode 0x411c, cx8, cmov, fxsr, ht, mmx, 3dnowpref, sse, sse2, sse3, ssse3, sse4.1, sse4.2, popcnt, lzcnt, tsc, tscinvbit, avx, avx2, aes, erms, clmul, bmi1, bmi2, adx, sha, fma, vzeroupper, clflush, clflushopt, clwb, hv, serialize, rdtscp, rdpid, fsrm, f16c, cet_ibt, cet_ss
Processor Information for processor 0
  Max Mhz: 2400, Current Mhz: 1520, Mhz Limit: 2400
Processor Information for processor 1
  Max Mhz: 2400, Current Mhz: 1520, Mhz Limit: 2400
Processor Information for processor 2
  Max Mhz: 2400, Current Mhz: 2400, Mhz Limit: 2400
Processor Information for processor 3
  Max Mhz: 2400, Current Mhz: 1520, Mhz Limit: 2400
Processor Information for processor 4
  Max Mhz: 2400, Current Mhz: 1520, Mhz Limit: 2400
Processor Information for processor 5
  Max Mhz: 2400, Current Mhz: 2400, Mhz Limit: 2400
Processor Information for processor 6
  Max Mhz: 2400, Current Mhz: 1520, Mhz Limit: 2400
Processor Information for processor 7
  Max Mhz: 2400, Current Mhz: 2400, Mhz Limit: 2400
Processor Information for processor 8
  Max Mhz: 2400, Current Mhz: 2400, Mhz Limit: 2400
Processor Information for processor 9
  Max Mhz: 2400, Current Mhz: 2400, Mhz Limit: 2400
Processor Information for processor 10
  Max Mhz: 2400, Current Mhz: 2400, Mhz Limit: 2400
Processor Information for processor 11
  Max Mhz: 2400, Current Mhz: 1520, Mhz Limit: 2400
Processor Information for processor 12
  Max Mhz: 2400, Current Mhz: 1800, Mhz Limit: 1800
Processor Information for processor 13
  Max Mhz: 2400, Current Mhz: 1500, Mhz Limit: 1800
Processor Information for processor 14
  Max Mhz: 2400, Current Mhz: 1800, Mhz Limit: 1800
Processor Information for processor 15
  Max Mhz: 2400, Current Mhz: 1800, Mhz Limit: 1800

Memory: 4k page, system-wide physical 32471M (8690M free)
TotalPageFile size 65239M (AvailPageFile size 26543M)
current process WorkingSet (physical memory assigned to process): 202M, peak: 258M
current process commit charge ("private bytes"): 263M, peak: 710M

vm_info: OpenJDK 64-Bit Server VM (22.0.2+9-70) for windows-amd64 JRE (22.0.2+9-70), built on 2024-06-04T16:52:23Z by "mach5one" with MS VC++ 17.6 (VS2022)

END.
